<?xml version="1.0" encoding="UTF-8"?>
<!-- Generated by org.testng.reporters.JUnitReportReporter -->
<testsuite skipped="0" hostname="Shubham" name="testng.Sumo" tests="1" failures="0" timestamp="2021-11-08T09:58:00 IST" time="0.000" errors="0">
  <testcase name="c" time="0.000" classname="testng.Sumo"/>
  <system-out>
    <![CDATA[Sumo Class]]>
  </system-out>
</testsuite> <!-- testng.Sumo -->
