<?xml version="1.0" encoding="UTF-8"?>
<!-- Generated by org.testng.reporters.JUnitReportReporter -->
<testsuite skipped="0" hostname="Shubham" name="dataProvider.DataDrivenApproachUsingDataProvider" tests="3" failures="0" timestamp="2021-11-15T15:30:37 IST" time="26.938" errors="0">
  <testcase name="testActiTimeLogin" time="8.360" classname="dataProvider.DataDrivenApproachUsingDataProvider"/>
  <system-out/>
  <testcase name="testActiTimeLogin" time="8.428" classname="dataProvider.DataDrivenApproachUsingDataProvider"/>
  <system-out/>
  <testcase name="testActiTimeLogin" time="10.150" classname="dataProvider.DataDrivenApproachUsingDataProvider"/>
  <system-out/>
</testsuite> <!-- dataProvider.DataDrivenApproachUsingDataProvider -->
