<?xml version="1.0" encoding="UTF-8"?>
<!-- Generated by org.testng.reporters.JUnitReportReporter -->
<testsuite skipped="0" hostname="Shubham" name="testngFlags.descriptionFlag" tests="1" failures="0" timestamp="2021-11-08T17:33:04 IST" time="0.016" errors="0">
  <testcase name="login" time="0.016" classname="testngFlags.descriptionFlag"/>
  <system-out>
    <![CDATA[login test case]]>
  </system-out>
</testsuite> <!-- testngFlags.descriptionFlag -->
