<?xml version="1.0" encoding="UTF-8"?>
<!-- Generated by org.testng.reporters.JUnitReportReporter -->
<testsuite skipped="0" hostname="Shubham" name="testngFlags.Flag82" tests="1" failures="0" timestamp="2021-11-10T19:53:56 IST" time="9.167" errors="0">
  <testcase name="actitimelogin" time="9.167" classname="testngFlags.Flag82"/>
  <system-out/>
</testsuite> <!-- testngFlags.Flag82 -->
