<?xml version="1.0" encoding="UTF-8"?>
<!-- Generated by org.testng.reporters.JUnitReportReporter -->
<testsuite skipped="0" hostname="Shubham" name="testngFlags.enabledFlag" tests="1" failures="0" timestamp="2021-11-08T17:36:22 IST" time="0.016" errors="0">
  <testcase name="f" time="0.016" classname="testngFlags.enabledFlag"/>
  <system-out>
    <![CDATA[hiiiii]]>
  </system-out>
</testsuite> <!-- testngFlags.enabledFlag -->
