<?xml version="1.0" encoding="UTF-8"?>
<!-- Generated by org.testng.reporters.JUnitReportReporter -->
<testsuite skipped="0" hostname="Shubham" name="testngFlags.InvocationCountFlag" tests="101" failures="0" timestamp="2021-11-09T09:50:34 IST" time="0.579" errors="0">
  <testcase name="a" time="0.000" classname="testngFlags.InvocationCountFlag"/>
  <system-out>
    <![CDATA[hi I am inconsistent bug]]>
  </system-out>
  <testcase name="a" time="0.000" classname="testngFlags.InvocationCountFlag"/>
  <system-out>
    <![CDATA[hi I am inconsistent bug]]>
  </system-out>
  <testcase name="a" time="0.000" classname="testngFlags.InvocationCountFlag"/>
  <system-out>
    <![CDATA[hi I am inconsistent bug]]>
  </system-out>
  <testcase name="a" time="0.000" classname="testngFlags.InvocationCountFlag"/>
  <system-out>
    <![CDATA[hi I am inconsistent bug]]>
  </system-out>
  <testcase name="a" time="0.000" classname="testngFlags.InvocationCountFlag"/>
  <system-out>
    <![CDATA[hi I am inconsistent bug]]>
  </system-out>
  <testcase name="a" time="0.000" classname="testngFlags.InvocationCountFlag"/>
  <system-out>
    <![CDATA[hi I am inconsistent bug]]>
  </system-out>
  <testcase name="a" time="0.000" classname="testngFlags.InvocationCountFlag"/>
  <system-out>
    <![CDATA[hi I am inconsistent bug]]>
  </system-out>
  <testcase name="a" time="0.000" classname="testngFlags.InvocationCountFlag"/>
  <system-out>
    <![CDATA[hi I am inconsistent bug]]>
  </system-out>
  <testcase name="a" time="0.000" classname="testngFlags.InvocationCountFlag"/>
  <system-out>
    <![CDATA[hi I am inconsistent bug]]>
  </system-out>
  <testcase name="a" time="0.000" classname="testngFlags.InvocationCountFlag"/>
  <system-out>
    <![CDATA[hi I am inconsistent bug]]>
  </system-out>
  <testcase name="a" time="0.016" classname="testngFlags.InvocationCountFlag"/>
  <system-out>
    <![CDATA[hi I am inconsistent bug]]>
  </system-out>
  <testcase name="a" time="0.000" classname="testngFlags.InvocationCountFlag"/>
  <system-out>
    <![CDATA[hi I am inconsistent bug]]>
  </system-out>
  <testcase name="a" time="0.000" classname="testngFlags.InvocationCountFlag"/>
  <system-out>
    <![CDATA[hi I am inconsistent bug]]>
  </system-out>
  <testcase name="a" time="0.000" classname="testngFlags.InvocationCountFlag"/>
  <system-out>
    <![CDATA[hi I am inconsistent bug]]>
  </system-out>
  <testcase name="a" time="0.000" classname="testngFlags.InvocationCountFlag"/>
  <system-out>
    <![CDATA[hi I am inconsistent bug]]>
  </system-out>
  <testcase name="a" time="0.016" classname="testngFlags.InvocationCountFlag"/>
  <system-out>
    <![CDATA[hi I am inconsistent bug]]>
  </system-out>
  <testcase name="a" time="0.000" classname="testngFlags.InvocationCountFlag"/>
  <system-out>
    <![CDATA[hi I am inconsistent bug]]>
  </system-out>
  <testcase name="a" time="0.000" classname="testngFlags.InvocationCountFlag"/>
  <system-out>
    <![CDATA[hi I am inconsistent bug]]>
  </system-out>
  <testcase name="a" time="0.000" classname="testngFlags.InvocationCountFlag"/>
  <system-out>
    <![CDATA[hi I am inconsistent bug]]>
  </system-out>
  <testcase name="a" time="0.016" classname="testngFlags.InvocationCountFlag"/>
  <system-out>
    <![CDATA[hi I am inconsistent bug]]>
  </system-out>
  <testcase name="a" time="0.000" classname="testngFlags.InvocationCountFlag"/>
  <system-out>
    <![CDATA[hi I am inconsistent bug]]>
  </system-out>
  <testcase name="a" time="0.000" classname="testngFlags.InvocationCountFlag"/>
  <system-out>
    <![CDATA[hi I am inconsistent bug]]>
  </system-out>
  <testcase name="b" time="0.000" classname="testngFlags.InvocationCountFlag"/>
  <system-out>
    <![CDATA[hi]]>
  </system-out>
  <testcase name="a" time="0.000" classname="testngFlags.InvocationCountFlag"/>
  <system-out>
    <![CDATA[hi I am inconsistent bug]]>
  </system-out>
  <testcase name="a" time="0.016" classname="testngFlags.InvocationCountFlag"/>
  <system-out>
    <![CDATA[hi I am inconsistent bug]]>
  </system-out>
  <testcase name="a" time="0.000" classname="testngFlags.InvocationCountFlag"/>
  <system-out>
    <![CDATA[hi I am inconsistent bug]]>
  </system-out>
  <testcase name="a" time="0.031" classname="testngFlags.InvocationCountFlag"/>
  <system-out>
    <![CDATA[hi I am inconsistent bug]]>
  </system-out>
  <testcase name="a" time="0.063" classname="testngFlags.InvocationCountFlag"/>
  <system-out>
    <![CDATA[hi I am inconsistent bug]]>
  </system-out>
  <testcase name="a" time="0.000" classname="testngFlags.InvocationCountFlag"/>
  <system-out>
    <![CDATA[hi I am inconsistent bug]]>
  </system-out>
  <testcase name="a" time="0.000" classname="testngFlags.InvocationCountFlag"/>
  <system-out>
    <![CDATA[hi I am inconsistent bug]]>
  </system-out>
  <testcase name="a" time="0.000" classname="testngFlags.InvocationCountFlag"/>
  <system-out>
    <![CDATA[hi I am inconsistent bug]]>
  </system-out>
  <testcase name="a" time="0.000" classname="testngFlags.InvocationCountFlag"/>
  <system-out>
    <![CDATA[hi I am inconsistent bug]]>
  </system-out>
  <testcase name="a" time="0.000" classname="testngFlags.InvocationCountFlag"/>
  <system-out>
    <![CDATA[hi I am inconsistent bug]]>
  </system-out>
  <testcase name="a" time="0.000" classname="testngFlags.InvocationCountFlag"/>
  <system-out>
    <![CDATA[hi I am inconsistent bug]]>
  </system-out>
  <testcase name="a" time="0.000" classname="testngFlags.InvocationCountFlag"/>
  <system-out>
    <![CDATA[hi I am inconsistent bug]]>
  </system-out>
  <testcase name="a" time="0.000" classname="testngFlags.InvocationCountFlag"/>
  <system-out>
    <![CDATA[hi I am inconsistent bug]]>
  </system-out>
  <testcase name="a" time="0.000" classname="testngFlags.InvocationCountFlag"/>
  <system-out>
    <![CDATA[hi I am inconsistent bug]]>
  </system-out>
  <testcase name="a" time="0.016" classname="testngFlags.InvocationCountFlag"/>
  <system-out>
    <![CDATA[hi I am inconsistent bug]]>
  </system-out>
  <testcase name="a" time="0.000" classname="testngFlags.InvocationCountFlag"/>
  <system-out>
    <![CDATA[hi I am inconsistent bug]]>
  </system-out>
  <testcase name="a" time="0.000" classname="testngFlags.InvocationCountFlag"/>
  <system-out>
    <![CDATA[hi I am inconsistent bug]]>
  </system-out>
  <testcase name="a" time="0.000" classname="testngFlags.InvocationCountFlag"/>
  <system-out>
    <![CDATA[hi I am inconsistent bug]]>
  </system-out>
  <testcase name="a" time="0.000" classname="testngFlags.InvocationCountFlag"/>
  <system-out>
    <![CDATA[hi I am inconsistent bug]]>
  </system-out>
  <testcase name="a" time="0.000" classname="testngFlags.InvocationCountFlag"/>
  <system-out>
    <![CDATA[hi I am inconsistent bug]]>
  </system-out>
  <testcase name="a" time="0.016" classname="testngFlags.InvocationCountFlag"/>
  <system-out>
    <![CDATA[hi I am inconsistent bug]]>
  </system-out>
  <testcase name="a" time="0.000" classname="testngFlags.InvocationCountFlag"/>
  <system-out>
    <![CDATA[hi I am inconsistent bug]]>
  </system-out>
  <testcase name="a" time="0.000" classname="testngFlags.InvocationCountFlag"/>
  <system-out>
    <![CDATA[hi I am inconsistent bug]]>
  </system-out>
  <testcase name="a" time="0.000" classname="testngFlags.InvocationCountFlag"/>
  <system-out>
    <![CDATA[hi I am inconsistent bug]]>
  </system-out>
  <testcase name="a" time="0.016" classname="testngFlags.InvocationCountFlag"/>
  <system-out>
    <![CDATA[hi I am inconsistent bug]]>
  </system-out>
  <testcase name="a" time="0.000" classname="testngFlags.InvocationCountFlag"/>
  <system-out>
    <![CDATA[hi I am inconsistent bug]]>
  </system-out>
  <testcase name="a" time="0.015" classname="testngFlags.InvocationCountFlag"/>
  <system-out>
    <![CDATA[hi I am inconsistent bug]]>
  </system-out>
  <testcase name="a" time="0.015" classname="testngFlags.InvocationCountFlag"/>
  <system-out>
    <![CDATA[hi I am inconsistent bug]]>
  </system-out>
  <testcase name="a" time="0.000" classname="testngFlags.InvocationCountFlag"/>
  <system-out>
    <![CDATA[hi I am inconsistent bug]]>
  </system-out>
  <testcase name="a" time="0.000" classname="testngFlags.InvocationCountFlag"/>
  <system-out>
    <![CDATA[hi I am inconsistent bug]]>
  </system-out>
  <testcase name="a" time="0.000" classname="testngFlags.InvocationCountFlag"/>
  <system-out>
    <![CDATA[hi I am inconsistent bug]]>
  </system-out>
  <testcase name="a" time="0.000" classname="testngFlags.InvocationCountFlag"/>
  <system-out>
    <![CDATA[hi I am inconsistent bug]]>
  </system-out>
  <testcase name="a" time="0.000" classname="testngFlags.InvocationCountFlag"/>
  <system-out>
    <![CDATA[hi I am inconsistent bug]]>
  </system-out>
  <testcase name="a" time="0.000" classname="testngFlags.InvocationCountFlag"/>
  <system-out>
    <![CDATA[hi I am inconsistent bug]]>
  </system-out>
  <testcase name="a" time="0.000" classname="testngFlags.InvocationCountFlag"/>
  <system-out>
    <![CDATA[hi I am inconsistent bug]]>
  </system-out>
  <testcase name="a" time="0.000" classname="testngFlags.InvocationCountFlag"/>
  <system-out>
    <![CDATA[hi I am inconsistent bug]]>
  </system-out>
  <testcase name="a" time="0.000" classname="testngFlags.InvocationCountFlag"/>
  <system-out>
    <![CDATA[hi I am inconsistent bug]]>
  </system-out>
  <testcase name="a" time="0.000" classname="testngFlags.InvocationCountFlag"/>
  <system-out>
    <![CDATA[hi I am inconsistent bug]]>
  </system-out>
  <testcase name="a" time="0.015" classname="testngFlags.InvocationCountFlag"/>
  <system-out>
    <![CDATA[hi I am inconsistent bug]]>
  </system-out>
  <testcase name="a" time="0.000" classname="testngFlags.InvocationCountFlag"/>
  <system-out>
    <![CDATA[hi I am inconsistent bug]]>
  </system-out>
  <testcase name="a" time="0.016" classname="testngFlags.InvocationCountFlag"/>
  <system-out>
    <![CDATA[hi I am inconsistent bug]]>
  </system-out>
  <testcase name="a" time="0.000" classname="testngFlags.InvocationCountFlag"/>
  <system-out>
    <![CDATA[hi I am inconsistent bug]]>
  </system-out>
  <testcase name="a" time="0.000" classname="testngFlags.InvocationCountFlag"/>
  <system-out>
    <![CDATA[hi I am inconsistent bug]]>
  </system-out>
  <testcase name="a" time="0.000" classname="testngFlags.InvocationCountFlag"/>
  <system-out>
    <![CDATA[hi I am inconsistent bug]]>
  </system-out>
  <testcase name="a" time="0.000" classname="testngFlags.InvocationCountFlag"/>
  <system-out>
    <![CDATA[hi I am inconsistent bug]]>
  </system-out>
  <testcase name="a" time="0.000" classname="testngFlags.InvocationCountFlag"/>
  <system-out>
    <![CDATA[hi I am inconsistent bug]]>
  </system-out>
  <testcase name="a" time="0.000" classname="testngFlags.InvocationCountFlag"/>
  <system-out>
    <![CDATA[hi I am inconsistent bug]]>
  </system-out>
  <testcase name="a" time="0.000" classname="testngFlags.InvocationCountFlag"/>
  <system-out>
    <![CDATA[hi I am inconsistent bug]]>
  </system-out>
  <testcase name="a" time="0.000" classname="testngFlags.InvocationCountFlag"/>
  <system-out>
    <![CDATA[hi I am inconsistent bug]]>
  </system-out>
  <testcase name="a" time="0.000" classname="testngFlags.InvocationCountFlag"/>
  <system-out>
    <![CDATA[hi I am inconsistent bug]]>
  </system-out>
  <testcase name="a" time="0.000" classname="testngFlags.InvocationCountFlag"/>
  <system-out>
    <![CDATA[hi I am inconsistent bug]]>
  </system-out>
  <testcase name="a" time="0.000" classname="testngFlags.InvocationCountFlag"/>
  <system-out>
    <![CDATA[hi I am inconsistent bug]]>
  </system-out>
  <testcase name="a" time="0.000" classname="testngFlags.InvocationCountFlag"/>
  <system-out>
    <![CDATA[hi I am inconsistent bug]]>
  </system-out>
  <testcase name="a" time="0.000" classname="testngFlags.InvocationCountFlag"/>
  <system-out>
    <![CDATA[hi I am inconsistent bug]]>
  </system-out>
  <testcase name="a" time="0.015" classname="testngFlags.InvocationCountFlag"/>
  <system-out>
    <![CDATA[hi I am inconsistent bug]]>
  </system-out>
  <testcase name="a" time="0.000" classname="testngFlags.InvocationCountFlag"/>
  <system-out>
    <![CDATA[hi I am inconsistent bug]]>
  </system-out>
  <testcase name="a" time="0.000" classname="testngFlags.InvocationCountFlag"/>
  <system-out>
    <![CDATA[hi I am inconsistent bug]]>
  </system-out>
  <testcase name="a" time="0.000" classname="testngFlags.InvocationCountFlag"/>
  <system-out>
    <![CDATA[hi I am inconsistent bug]]>
  </system-out>
  <testcase name="a" time="0.015" classname="testngFlags.InvocationCountFlag"/>
  <system-out>
    <![CDATA[hi I am inconsistent bug]]>
  </system-out>
  <testcase name="a" time="0.000" classname="testngFlags.InvocationCountFlag"/>
  <system-out>
    <![CDATA[hi I am inconsistent bug]]>
  </system-out>
  <testcase name="a" time="0.000" classname="testngFlags.InvocationCountFlag"/>
  <system-out>
    <![CDATA[hi I am inconsistent bug]]>
  </system-out>
  <testcase name="a" time="0.000" classname="testngFlags.InvocationCountFlag"/>
  <system-out>
    <![CDATA[hi I am inconsistent bug]]>
  </system-out>
  <testcase name="a" time="0.000" classname="testngFlags.InvocationCountFlag"/>
  <system-out>
    <![CDATA[hi I am inconsistent bug]]>
  </system-out>
  <testcase name="a" time="0.000" classname="testngFlags.InvocationCountFlag"/>
  <system-out>
    <![CDATA[hi I am inconsistent bug]]>
  </system-out>
  <testcase name="a" time="0.000" classname="testngFlags.InvocationCountFlag"/>
  <system-out>
    <![CDATA[hi I am inconsistent bug]]>
  </system-out>
  <testcase name="a" time="0.000" classname="testngFlags.InvocationCountFlag"/>
  <system-out>
    <![CDATA[hi I am inconsistent bug]]>
  </system-out>
  <testcase name="a" time="0.000" classname="testngFlags.InvocationCountFlag"/>
  <system-out>
    <![CDATA[hi I am inconsistent bug]]>
  </system-out>
  <testcase name="a" time="0.000" classname="testngFlags.InvocationCountFlag"/>
  <system-out>
    <![CDATA[hi I am inconsistent bug]]>
  </system-out>
  <testcase name="a" time="0.000" classname="testngFlags.InvocationCountFlag"/>
  <system-out>
    <![CDATA[hi I am inconsistent bug]]>
  </system-out>
  <testcase name="a" time="0.016" classname="testngFlags.InvocationCountFlag"/>
  <system-out>
    <![CDATA[hi I am inconsistent bug]]>
  </system-out>
  <testcase name="a" time="0.000" classname="testngFlags.InvocationCountFlag"/>
  <system-out>
    <![CDATA[hi I am inconsistent bug]]>
  </system-out>
  <testcase name="a" time="0.000" classname="testngFlags.InvocationCountFlag"/>
  <system-out>
    <![CDATA[hi I am inconsistent bug]]>
  </system-out>
  <testcase name="a" time="0.250" classname="testngFlags.InvocationCountFlag"/>
  <system-out>
    <![CDATA[hi I am inconsistent bug]]>
  </system-out>
  <testcase name="a" time="0.000" classname="testngFlags.InvocationCountFlag"/>
  <system-out>
    <![CDATA[hi I am inconsistent bug]]>
  </system-out>
  <testcase name="a" time="0.016" classname="testngFlags.InvocationCountFlag"/>
  <system-out>
    <![CDATA[hi I am inconsistent bug]]>
  </system-out>
  <testcase name="a" time="0.000" classname="testngFlags.InvocationCountFlag"/>
  <system-out>
    <![CDATA[hi I am inconsistent bug]]>
  </system-out>
  <testcase name="a" time="0.000" classname="testngFlags.InvocationCountFlag"/>
  <system-out>
    <![CDATA[hi I am inconsistent bug]]>
  </system-out>
  <testcase name="a" time="0.000" classname="testngFlags.InvocationCountFlag"/>
  <system-out>
    <![CDATA[hi I am inconsistent bug]]>
  </system-out>
</testsuite> <!-- testngFlags.InvocationCountFlag -->
