<?xml version="1.0" encoding="UTF-8"?>
<!-- Generated by org.testng.reporters.JUnitReportReporter -->
<testsuite skipped="0" hostname="Shubham" name="testngFlags.Flag7" tests="6" failures="0" timestamp="2021-11-10T09:04:25 IST" time="0.032" errors="0">
  <testcase name="it2" time="0.000" classname="testngFlags.Flag7"/>
  <system-out>
    <![CDATA[it2 tc]]>
  </system-out>
  <testcase name="it5" time="0.000" classname="testngFlags.Flag7"/>
  <system-out>
    <![CDATA[it5 tc]]>
  </system-out>
  <testcase name="it6" time="0.000" classname="testngFlags.Flag7"/>
  <system-out>
    <![CDATA[it6 tc]]>
  </system-out>
  <testcase name="it4" time="0.016" classname="testngFlags.Flag7"/>
  <system-out>
    <![CDATA[it4 tc]]>
  </system-out>
  <testcase name="it1" time="0.016" classname="testngFlags.Flag7"/>
  <system-out>
    <![CDATA[it1 tc]]>
  </system-out>
  <testcase name="it3" time="0.000" classname="testngFlags.Flag7"/>
  <system-out>
    <![CDATA[it3 tc]]>
  </system-out>
</testsuite> <!-- testngFlags.Flag7 -->
