<?xml version="1.0" encoding="UTF-8"?>
<!-- Generated by org.testng.reporters.JUnitReportReporter -->
<testsuite skipped="0" hostname="Shubham" name="testng.Demo" tests="1" failures="0" timestamp="2021-11-08T09:58:00 IST" time="0.016" errors="0">
  <testcase name="a" time="0.016" classname="testng.Demo"/>
  <system-out>
    <![CDATA[Demo Class]]>
  </system-out>
</testsuite> <!-- testng.Demo -->
