<?xml version="1.0" encoding="UTF-8"?>
<!-- Generated by org.testng.reporters.JUnitReportReporter -->
<testsuite skipped="0" hostname="Shubham" name="skeletonOfTestNg.Sample1" tests="1" failures="0" timestamp="2021-11-17T01:03:29 IST" time="0.015" errors="0">
  <testcase name="test1" time="0.015" classname="skeletonOfTestNg.Sample1"/>
  <system-out>
    <![CDATA[sample 1]]>
  </system-out>
</testsuite> <!-- skeletonOfTestNg.Sample1 -->
