<?xml version="1.0" encoding="UTF-8"?>
<!-- Generated by org.testng.reporters.JUnitReportReporter -->
<testsuite skipped="0" hostname="Shubham" name="parallelExecution.MethodsParallely" tests="2" failures="0" timestamp="2021-11-16T23:47:22 IST" time="0.032" errors="0">
  <testcase name="b" time="0.016" classname="parallelExecution.MethodsParallely"/>
  <system-out>
    <![CDATA[method214]]>
  </system-out>
  <testcase name="a" time="0.016" classname="parallelExecution.MethodsParallely"/>
  <system-out>
    <![CDATA[method113]]>
  </system-out>
</testsuite> <!-- parallelExecution.MethodsParallely -->
