<?xml version="1.0" encoding="UTF-8"?>
<!-- Generated by org.testng.reporters.JUnitReportReporter -->
<testsuite skipped="0" hostname="Shubham" name="testngFlags.DependOnMethodFlag" tests="3" failures="0" timestamp="2021-11-09T10:03:10 IST" time="0.016" errors="0">
  <testcase name="action" time="0.000" classname="testngFlags.DependOnMethodFlag"/>
  <system-out>
    <![CDATA[Action !!!!]]>
  </system-out>
  <testcase name="login" time="0.016" classname="testngFlags.DependOnMethodFlag"/>
  <system-out>
    <![CDATA[login to the application]]>
  </system-out>
  <testcase name="logout" time="0.000" classname="testngFlags.DependOnMethodFlag"/>
  <system-out>
    <![CDATA[Logout from the application]]>
  </system-out>
</testsuite> <!-- testngFlags.DependOnMethodFlag -->
