<?xml version="1.0" encoding="UTF-8"?>
<!-- Generated by org.testng.reporters.JUnitReportReporter -->
<testsuite skipped="0" hostname="Shubham" name="testNGAnnotations.TestScriptValidLogin" tests="1" failures="0" timestamp="2021-11-14T19:24:44 IST" time="10.269" errors="0">
  <testcase name="validLogin" time="10.269" classname="testNGAnnotations.TestScriptValidLogin"/>
  <system-out/>
</testsuite> <!-- testNGAnnotations.TestScriptValidLogin -->
